Watching for file changes with StatReloader
"GET /file-list/ HTTP/1.1" 200 3233
"POST /file-process/ HTTP/1.1" 200 1258
"GET /file-list/ HTTP/1.1" 200 3233
/web/truecaller/truecaller/settings.py changed, reloading.
Watching for file changes with StatReloader
Waiting for apps ready_event.
Apps ready_event triggered. Sending autoreload_started signal.
Watching dir /web/truecaller/dialer/templates with glob **/*.
Watching dir /web/truecaller/locale with glob **/*.mo.
Watching dir /web/truecaller/dialer/locale with glob **/*.mo.
(0.002) 
            SELECT
                c.relname,
                CASE
                    WHEN c.relispartition THEN 'p'
                    WHEN c.relkind IN ('m', 'v') THEN 'v'
                    ELSE 't'
                END
            FROM pg_catalog.pg_class c
            LEFT JOIN pg_catalog.pg_namespace n ON n.oid = c.relnamespace
            WHERE c.relkind IN ('f', 'm', 'p', 'r', 'v')
                AND n.nspname NOT IN ('pg_catalog', 'pg_toast')
                AND pg_catalog.pg_table_is_visible(c.oid)
        ; args=None; alias=default
File /usr/local/lib/python3.9/site-packages/django/contrib/auth/checks.py first seen with mtime 1676076345.364977
File /usr/local/lib/python3.9/lib-dynload/termios.cpython-39-x86_64-linux-gnu.so first seen with mtime 1671257345.0
File /usr/local/lib/python3.9/site-packages/django/utils/topological_sort.py first seen with mtime 1676076345.768986
File /usr/local/lib/python3.9/site-packages/django/http/request.py first seen with mtime 1676076345.7489855
File /usr/local/lib/python3.9/site-packages/django/db/backends/postgresql/creation.py first seen with mtime 1676076345.716985
File /usr/local/lib/python3.9/site-packages/django/db/migrations/exceptions.py first seen with mtime 1676076345.720985
File /usr/local/lib/python3.9/re.py first seen with mtime 1671257431.6016915
File /usr/local/lib/python3.9/asyncio/constants.py first seen with mtime 1671257434.0096426
File /usr/local/lib/python3.9/site-packages/django/db/models/query.py first seen with mtime 1676076345.728985
File /usr/local/lib/python3.9/site-packages/django/template/loaders/cached.py first seen with mtime 1676076345.756986
File /usr/local/lib/python3.9/site-packages/django/utils/safestring.py first seen with mtime 1676076345.768986
File /usr/local/lib/python3.9/site-packages/django/conf/locale/__init__.py first seen with mtime 1676076345.108971
File /usr/local/lib/python3.9/site-packages/django/contrib/staticfiles/management/commands/runserver.py first seen with mtime 1676076345.6929843
File /usr/local/lib/python3.9/site-packages/django/db/models/fields/files.py first seen with mtime 1676076345.728985
File /usr/local/lib/python3.9/site-packages/psycopg2/_ipaddress.py first seen with mtime 1666695948.0
File /usr/local/lib/python3.9/site-packages/django/template/defaultfilters.py first seen with mtime 1676076345.7529857
File /usr/local/lib/python3.9/site-packages/django/core/checks/compatibility/django_4_0.py first seen with mtime 1676076345.6969845
File /usr/local/lib/python3.9/zoneinfo/__init__.py first seen with mtime 1671257435.897607
File /usr/local/lib/python3.9/site-packages/django/views/static.py first seen with mtime 1676076345.7729862
File /usr/local/lib/python3.9/site-packages/django/apps/__init__.py first seen with mtime 1676076345.108971
File /usr/local/lib/python3.9/tempfile.py first seen with mtime 1671257431.6656902
File /usr/local/lib/python3.9/site-packages/django/urls/resolvers.py first seen with mtime 1676076345.7609859
File /usr/local/lib/python3.9/sre_compile.py first seen with mtime 1671257431.6336908
File /usr/local/lib/python3.9/email/_policybase.py first seen with mtime 1671257434.413635
File /usr/local/lib/python3.9/_sysconfigdata__linux_x86_64-linux-gnu.py first seen with mtime 1671257435.905607
File /usr/local/lib/python3.9/sre_parse.py first seen with mtime 1671257431.6376908
File /usr/local/lib/python3.9/site-packages/django/contrib/admin/templatetags/admin_urls.py first seen with mtime 1676076345.324976
File /usr/local/lib/python3.9/site-packages/django/core/handlers/base.py first seen with mtime 1676076345.7009845
File /usr/local/lib/python3.9/lib-dynload/_bz2.cpython-39-x86_64-linux-gnu.so first seen with mtime 1671257345.0
File /usr/local/lib/python3.9/site-packages/django/utils/dateformat.py first seen with mtime 1676076345.764986
File /usr/local/lib/python3.9/site-packages/django/core/handlers/exception.py first seen with mtime 1676076345.7009845
File /usr/local/lib/python3.9/site-packages/django/forms/boundfield.py first seen with mtime 1676076345.7369854
File /usr/local/lib/python3.9/site-packages/sqlparse/filters/output.py first seen with mtime 1676076345.0049686
File /usr/local/lib/python3.9/site-packages/django/core/checks/security/csrf.py first seen with mtime 1676076345.6969845
File /usr/local/lib/python3.9/email/mime/nonmultipart.py first seen with mtime 1671257434.4656339
File /usr/local/lib/python3.9/asyncio/__init__.py first seen with mtime 1671257434.0056427
File /usr/local/lib/python3.9/_collections_abc.py first seen with mtime 1671257431.4016957
File /usr/local/lib/python3.9/operator.py first seen with mtime 1671257431.5696921
File /usr/local/lib/python3.9/site-packages/django/core/management/__init__.py first seen with mtime 1676076345.7009845
File /usr/local/lib/python3.9/lib-dynload/_struct.cpython-39-x86_64-linux-gnu.so first seen with mtime 1671257344.0
File /usr/local/lib/python3.9/site-packages/sqlparse/sql.py first seen with mtime 1676076345.0049686
File /usr/local/lib/python3.9/email/mime/message.py first seen with mtime 1671257434.461634
File /usr/local/lib/python3.9/site-packages/django/contrib/contenttypes/admin.py first seen with mtime 1676076345.412978
File /usr/local/lib/python3.9/site-packages/django/contrib/staticfiles/utils.py first seen with mtime 1676076345.6929843
File /usr/local/lib/python3.9/struct.py first seen with mtime 1671257431.6456904
File /usr/local/lib/python3.9/uu.py first seen with mtime 1671257431.6976895
File /web/truecaller/truecaller/urls.py first seen with mtime 1677090500.3100007
File /usr/local/lib/python3.9/site-packages/sqlparse/filters/right_margin.py first seen with mtime 1676076345.0049686
File /usr/local/lib/python3.9/enum.py first seen with mtime 1671257431.485694
File /usr/local/lib/python3.9/site-packages/django/utils/crypto.py first seen with mtime 1676076345.764986
File /usr/local/lib/python3.9/site-packages/django/db/backends/postgresql/__init__.py first seen with mtime 1676076345.716985
File /usr/local/lib/python3.9/http/client.py first seen with mtime 1671257434.725629
File /usr/local/lib/python3.9/lib-dynload/_decimal.cpython-39-x86_64-linux-gnu.so first seen with mtime 1671257356.0
File /usr/local/lib/python3.9/site-packages/django/db/migrations/state.py first seen with mtime 1676076345.7249851
File /usr/local/lib/python3.9/site-packages/django/core/management/commands/runserver.py first seen with mtime 1676076345.7049847
File /web/truecaller/dialer/apps.py first seen with mtime 1677078359.1954112
File /usr/local/lib/python3.9/site-packages/django/contrib/admin/templatetags/admin_modify.py first seen with mtime 1676076345.324976
File /usr/local/lib/python3.9/site-packages/django/contrib/sessions/__init__.py first seen with mtime 1676076345.6249828
File /web/truecaller/truecaller/settings.py first seen with mtime 1677129650.3353922
File /usr/local/lib/python3.9/site-packages/django/conf/urls/__init__.py first seen with mtime 1676076345.196973
File /usr/local/lib/python3.9/site-packages/django/contrib/admin/views/autocomplete.py first seen with mtime 1676076345.324976
File /usr/local/lib/python3.9/site-packages/django/template/loaders/__init__.py first seen with mtime 1676076345.756986
File /usr/local/lib/python3.9/site-packages/django/db/models/options.py first seen with mtime 1676076345.728985
File /usr/local/lib/python3.9/socketserver.py first seen with mtime 1671257431.629691
File /usr/local/lib/python3.9/site-packages/django/db/models/lookups.py first seen with mtime 1676076345.728985
File /usr/local/lib/python3.9/site-packages/django/utils/text.py first seen with mtime 1676076345.768986
File /usr/local/lib/python3.9/site-packages/django/contrib/auth/base_user.py first seen with mtime 1676076345.364977
File /usr/local/lib/python3.9/asyncio/locks.py first seen with mtime 1671257434.0216424
File /usr/local/lib/python3.9/site-packages/django/core/checks/registry.py first seen with mtime 1676076345.6969845
File /usr/local/lib/python3.9/asyncio/tasks.py first seen with mtime 1671257434.0376422
File /usr/local/lib/python3.9/email/header.py first seen with mtime 1671257434.4336345
File /usr/local/lib/python3.9/site-packages/django/utils/numberformat.py first seen with mtime 1676076345.768986
File /usr/local/lib/python3.9/site-packages/django/contrib/auth/admin.py first seen with mtime 1676076345.364977
File /usr/local/lib/python3.9/site-packages/sqlparse/engine/statement_splitter.py first seen with mtime 1676076345.0049686
File /usr/local/lib/python3.9/site-packages/django/core/signals.py first seen with mtime 1676076345.6929843
File /usr/local/lib/python3.9/site-packages/django/db/models/fields/mixins.py first seen with mtime 1676076345.728985
File /usr/local/lib/python3.9/concurrent/futures/thread.py first seen with mtime 1671257434.1296403
File /usr/local/lib/python3.9/site-packages/django/utils/duration.py first seen with mtime 1676076345.764986
File /usr/local/lib/python3.9/site-packages/django/contrib/auth/password_validation.py first seen with mtime 1676076345.368977
File /usr/local/lib/python3.9/email/utils.py first seen with mtime 1671257434.4456344
File /usr/local/lib/python3.9/site-packages/django/core/management/base.py first seen with mtime 1676076345.7009845
File /usr/local/lib/python3.9/email/base64mime.py first seen with mtime 1671257434.417635
File /usr/local/lib/python3.9/site-packages/django/db/backends/postgresql/features.py first seen with mtime 1676076345.716985
File /usr/local/lib/python3.9/site-packages/django/core/servers/basehttp.py first seen with mtime 1676076345.7089846
File /usr/local/lib/python3.9/signal.py first seen with mtime 1671257431.617691
File /usr/local/lib/python3.9/site-packages/django/db/utils.py first seen with mtime 1676076345.7089846
File /usr/local/lib/python3.9/email/message.py first seen with mtime 1671257434.4376345
File /usr/local/lib/python3.9/wsgiref/handlers.py first seen with mtime 1671257434.8096273
File /usr/local/lib/python3.9/site-packages/django/contrib/staticfiles/views.py first seen with mtime 1676076345.6929843
File /usr/local/lib/python3.9/site-packages/django/db/backends/postgresql/base.py first seen with mtime 1676076345.716985
File /usr/local/lib/python3.9/difflib.py first seen with mtime 1671257431.481694
File /usr/local/lib/python3.9/site-packages/django/core/checks/urls.py first seen with mtime 1676076345.6969845
File /usr/local/lib/python3.9/site-packages/django/forms/forms.py first seen with mtime 1676076345.7369854
File /usr/local/lib/python3.9/site-packages/django/views/i18n.py first seen with mtime 1676076345.7729862
File /usr/local/lib/python3.9/_compression.py first seen with mtime 1671257431.4056957
File /usr/local/lib/python3.9/logging/handlers.py first seen with mtime 1671257434.8016276
File /usr/local/lib/python3.9/lib-dynload/fcntl.cpython-39-x86_64-linux-gnu.so first seen with mtime 1671257343.0
File /usr/local/lib/python3.9/site-packages/django/template/context.py first seen with mtime 1676076345.7529857
File /usr/local/lib/python3.9/asyncio/format_helpers.py first seen with mtime 1671257434.0136425
File /usr/local/lib/python3.9/lib-dynload/_heapq.cpython-39-x86_64-linux-gnu.so first seen with mtime 1671257343.0
File /usr/local/lib/python3.9/site-packages/django/core/checks/files.py first seen with mtime 1676076345.6969845
File /usr/local/lib/python3.9/site-packages/django/utils/asyncio.py first seen with mtime 1676076345.7609859
File /usr/local/lib/python3.9/site-packages/django/utils/datastructures.py first seen with mtime 1676076345.764986
File /usr/local/lib/python3.9/lib-dynload/_blake2.cpython-39-x86_64-linux-gnu.so first seen with mtime 1671257349.0
File /usr/local/lib/python3.9/site-packages/django/utils/functional.py first seen with mtime 1676076345.764986
File /usr/local/lib/python3.9/asyncio/base_events.py first seen with mtime 1671257434.0096426
File /usr/local/lib/python3.9/email/headerregistry.py first seen with mtime 1671257434.4336345
File /usr/local/lib/python3.9/lib-dynload/zlib.cpython-39-x86_64-linux-gnu.so first seen with mtime 1671257345.0
File /usr/local/lib/python3.9/site-packages/django/core/cache/backends/__init__.py first seen with mtime 1676076345.6929843
File /usr/local/lib/python3.9/site-packages/django/db/backends/base/operations.py first seen with mtime 1676076345.7129848
File /usr/local/lib/python3.9/lib-dynload/_posixsubprocess.cpython-39-x86_64-linux-gnu.so first seen with mtime 1671257344.0
File /usr/local/lib/python3.9/dis.py first seen with mtime 1671257431.481694
File /usr/local/lib/python3.9/site-packages/django/db/models/fields/related_descriptors.py first seen with mtime 1676076345.7329853
File /usr/local/lib/python3.9/site-packages/django/template/engine.py first seen with mtime 1676076345.7529857
File /usr/local/lib/python3.9/site-packages/django/http/multipartparser.py first seen with mtime 1676076345.7489855
File /usr/local/lib/python3.9/site-packages/sqlparse/keywords.py first seen with mtime 1676076345.0049686
File /usr/local/lib/python3.9/site-packages/django/core/files/move.py first seen with mtime 1676076345.6969845
File /usr/local/lib/python3.9/site-packages/django/forms/widgets.py first seen with mtime 1676076345.7369854
File /usr/local/lib/python3.9/bz2.py first seen with mtime 1671257431.4456947
File /usr/local/lib/python3.9/site-packages/django/core/files/temp.py first seen with mtime 1676076345.6969845
File /usr/local/lib/python3.9/site-packages/django/utils/http.py first seen with mtime 1676076345.764986
File /usr/local/lib/python3.9/site-packages/django/views/generic/list.py first seen with mtime 1676076345.7729862
File /usr/local/lib/python3.9/site-packages/django/contrib/sessions/base_session.py first seen with mtime 1676076345.6249828
File /usr/local/lib/python3.9/site-packages/psycopg2/extensions.py first seen with mtime 1666695948.0
File /usr/local/lib/python3.9/site-packages/django/core/management/color.py first seen with mtime 1676076345.7009845
File /usr/local/lib/python3.9/http/cookies.py first seen with mtime 1671257434.7336287
File /usr/local/lib/python3.9/site-packages/django/contrib/auth/backends.py first seen with mtime 1676076345.364977
File /usr/local/lib/python3.9/email/mime/__init__.py first seen with mtime 1671257434.4536343
File /usr/local/lib/python3.9/shutil.py first seen with mtime 1671257431.6136913
File /usr/local/lib/python3.9/encodings/utf_8.py first seen with mtime 1671257434.3896353
File /usr/local/lib/python3.9/site-packages/django/views/decorators/__init__.py first seen with mtime 1676076345.7729862
File /usr/local/lib/python3.9/site-packages/django/contrib/admin/__init__.py first seen with mtime 1676076345.2009733
File /usr/local/lib/python3.9/site-packages/django/contrib/contenttypes/fields.py first seen with mtime 1676076345.412978
File /usr/local/lib/python3.9/encodings/__init__.py first seen with mtime 1671257434.1376402
File /usr/local/lib/python3.9/heapq.py first seen with mtime 1671257431.5176933
File /usr/local/lib/python3.9/site-packages/django/http/cookie.py first seen with mtime 1676076345.7489855
File /usr/local/lib/python3.9/site-packages/django/contrib/messages/apps.py first seen with mtime 1676076345.5649815
File /usr/local/lib/python3.9/site-packages/django/contrib/staticfiles/__init__.py first seen with mtime 1676076345.6889842
File /usr/local/lib/python3.9/random.py first seen with mtime 1671257431.6016915
File /usr/local/lib/python3.9/site-packages/django/utils/encoding.py first seen with mtime 1676076345.764986
File /usr/local/lib/python3.9/urllib/response.py first seen with mtime 1671257434.829627
File /usr/local/lib/python3.9/site-packages/django/middleware/__init__.py first seen with mtime 1676076345.7529857
File /usr/local/lib/python3.9/socket.py first seen with mtime 1671257431.625691
File /usr/local/lib/python3.9/site-packages/django/forms/formsets.py first seen with mtime 1676076345.7369854
File /usr/local/lib/python3.9/site-packages/django/core/files/__init__.py first seen with mtime 1676076345.6969845
File /usr/local/lib/python3.9/wsgiref/simple_server.py first seen with mtime 1671257434.8176272
File /usr/local/lib/python3.9/site-packages/django/db/migrations/migration.py first seen with mtime 1676076345.720985
File /usr/local/lib/python3.9/email/charset.py first seen with mtime 1671257434.4216347
File /usr/local/lib/python3.9/lib-dynload/_sha512.cpython-39-x86_64-linux-gnu.so first seen with mtime 1671257345.0
File /usr/local/lib/python3.9/concurrent/futures/_base.py first seen with mtime 1671257434.1296403
File /usr/local/lib/python3.9/site-packages/django/templatetags/__init__.py first seen with mtime 1676076345.756986
File /usr/local/lib/python3.9/functools.py first seen with mtime 1671257431.5016935
File /usr/local/lib/python3.9/site-packages/django/views/decorators/debug.py first seen with mtime 1676076345.7729862
File /usr/local/lib/python3.9/site-packages/django/utils/_os.py first seen with mtime 1676076345.7609859
File /usr/local/lib/python3.9/site-packages/django/contrib/sites/shortcuts.py first seen with mtime 1676076345.6609836
File /usr/local/lib/python3.9/selectors.py first seen with mtime 1671257431.6136913
File /usr/local/lib/python3.9/site-packages/django/db/models/sql/subqueries.py first seen with mtime 1676076345.7369854
File /usr/local/lib/python3.9/site-packages/django/contrib/admin/checks.py first seen with mtime 1676076345.2009733
File /usr/local/lib/python3.9/ast.py first seen with mtime 1671257431.4296951
File /usr/local/lib/python3.9/site-packages/django/template/loader_tags.py first seen with mtime 1676076345.756986
File /usr/local/lib/python3.9/email/errors.py first seen with mtime 1671257434.4296346
File /usr/local/lib/python3.9/site-packages/django/apps/config.py first seen with mtime 1676076345.108971
File /usr/local/lib/python3.9/site-packages/django/contrib/staticfiles/handlers.py first seen with mtime 1676076345.6889842
File /usr/local/lib/python3.9/site-packages/django/db/backends/postgresql/client.py first seen with mtime 1676076345.716985
File /usr/local/lib/python3.9/email/contentmanager.py first seen with mtime 1671257434.4256346
File /usr/local/lib/python3.9/email/mime/base.py first seen with mtime 1671257434.4576342
File /usr/local/lib/python3.9/site-packages/django/template/__init__.py first seen with mtime 1676076345.7529857
File /usr/local/lib/python3.9/json/scanner.py first seen with mtime 1671257434.67763
File /usr/local/lib/python3.9/keyword.py first seen with mtime 1671257431.5336928
File /usr/local/lib/python3.9/site-packages/django/contrib/sites/__init__.py first seen with mtime 1676076345.6569836
File /usr/local/lib/python3.9/site-packages/django/contrib/admin/templatetags/__init__.py first seen with mtime 1676076345.324976
File /usr/local/lib/python3.9/site-packages/django/core/checks/database.py first seen with mtime 1676076345.6969845
File /usr/local/lib/python3.9/lib-dynload/select.cpython-39-x86_64-linux-gnu.so first seen with mtime 1671257343.0
File /usr/local/lib/python3.9/site-packages/django/db/backends/postgresql/introspection.py first seen with mtime 1676076345.716985
File /usr/local/lib/python3.9/sysconfig.py first seen with mtime 1671257431.6576903
File /usr/local/lib/python3.9/site-packages/sqlparse/exceptions.py first seen with mtime 1676076345.0049686
File /usr/local/lib/python3.9/site-packages/psycopg2/_range.py first seen with mtime 1666695948.0
File /usr/local/lib/python3.9/collections/abc.py first seen with mtime 1671257434.1176405
File /usr/local/lib/python3.9/site-packages/django/db/models/constraints.py first seen with mtime 1676076345.7249851
File /usr/local/lib/python3.9/site-packages/django/db/models/fields/related_lookups.py first seen with mtime 1676076345.7329853
File /usr/local/lib/python3.9/asyncio/base_futures.py first seen with mtime 1671257434.0096426
File /usr/local/lib/python3.9/email/quoprimime.py first seen with mtime 1671257434.4456344
File /usr/local/lib/python3.9/asyncio/queues.py first seen with mtime 1671257434.0256424
File /usr/local/lib/python3.9/io.py first seen with mtime 1671257431.5256932
File /usr/local/lib/python3.9/site-packages/django/core/files/base.py first seen with mtime 1676076345.6969845
File /usr/local/lib/python3.9/site-packages/django/views/decorators/common.py first seen with mtime 1676076345.7729862
File /usr/local/lib/python3.9/site-packages/django/contrib/contenttypes/apps.py first seen with mtime 1676076345.412978
File /usr/local/lib/python3.9/site-packages/django/urls/base.py first seen with mtime 1676076345.7609859
File /usr/local/lib/python3.9/site-packages/psycopg2/__init__.py first seen with mtime 1666695948.0
File /usr/local/lib/python3.9/html/parser.py first seen with mtime 1671257434.6616302
File /usr/local/lib/python3.9/site-packages/django/views/generic/__init__.py first seen with mtime 1676076345.7729862
File /usr/local/lib/python3.9/site-packages/django/contrib/auth/hashers.py first seen with mtime 1676076345.364977
File /usr/local/lib/python3.9/calendar.py first seen with mtime 1671257431.4536946
File /usr/local/lib/python3.9/lib-dynload/_json.cpython-39-x86_64-linux-gnu.so first seen with mtime 1671257345.0
File /usr/local/lib/python3.9/tokenize.py first seen with mtime 1671257431.6776898
File /usr/local/lib/python3.9/site-packages/django/template/base.py first seen with mtime 1676076345.7529857
File /usr/local/lib/python3.9/site-packages/django/dispatch/dispatcher.py first seen with mtime 1676076345.7369854
File /usr/local/lib/python3.9/asyncio/runners.py first seen with mtime 1671257434.0256424
File /usr/local/lib/python3.9/site-packages/django/contrib/admin/templatetags/base.py first seen with mtime 1676076345.324976
File /usr/local/lib/python3.9/email/iterators.py first seen with mtime 1671257434.4376345
File /usr/local/lib/python3.9/site-packages/django/http/response.py first seen with mtime 1676076345.7529857
File /usr/local/lib/python3.9/asyncio/futures.py first seen with mtime 1671257434.0176425
File /usr/local/lib/python3.9/concurrent/__init__.py first seen with mtime 1671257434.1216404
File /usr/local/lib/python3.9/site-packages/django/contrib/auth/apps.py first seen with mtime 1676076345.364977
File /usr/local/lib/python3.9/logging/config.py first seen with mtime 1671257434.8016276
File /usr/local/lib/python3.9/weakref.py first seen with mtime 1671257431.7056892
File /usr/local/lib/python3.9/site-packages/django/db/models/indexes.py first seen with mtime 1676076345.728985
File /usr/local/lib/python3.9/site-packages/django/forms/models.py first seen with mtime 1676076345.7369854
File /usr/local/lib/python3.9/site-packages/django/template/library.py first seen with mtime 1676076345.756986
File /usr/local/lib/python3.9/site-packages/django/core/exceptions.py first seen with mtime 1676076345.6929843
File /usr/local/lib/python3.9/site-packages/django/utils/html.py first seen with mtime 1676076345.764986
File /usr/local/lib/python3.9/site-packages/django/contrib/admin/utils.py first seen with mtime 1676076345.2009733
File /usr/local/lib/python3.9/site-packages/django/db/models/functions/window.py first seen with mtime 1676076345.7329853
File /usr/local/lib/python3.9/argparse.py first seen with mtime 1671257431.4256952
File /usr/local/lib/python3.9/site-packages/django/core/files/storage.py first seen with mtime 1676076345.6969845
File /usr/local/lib/python3.9/site-packages/django/db/backends/utils.py first seen with mtime 1676076345.7089846
File /usr/local/lib/python3.9/site-packages/django/views/decorators/csrf.py first seen with mtime 1676076345.7729862
File /usr/local/lib/python3.9/site-packages/django/utils/__init__.py first seen with mtime 1676076345.7609859
File /usr/local/lib/python3.9/codecs.py first seen with mtime 1671257431.4616945
File /usr/local/lib/python3.9/site-packages/django/views/generic/base.py first seen with mtime 1676076345.7729862
File /usr/local/lib/python3.9/site-packages/django/utils/cache.py first seen with mtime 1676076345.764986
File /usr/local/lib/python3.9/site-packages/sqlparse/filters/tokens.py first seen with mtime 1676076345.0089688
File /usr/local/lib/python3.9/site-packages/django/core/checks/messages.py first seen with mtime 1676076345.6969845
File /usr/local/lib/python3.9/site-packages/sqlparse/tokens.py first seen with mtime 1676076345.0049686
File /usr/local/lib/python3.9/_bootlocale.py first seen with mtime 1671257431.3976958
File /usr/local/lib/python3.9/site-packages/django/core/files/utils.py first seen with mtime 1676076345.7009845
File /usr/local/lib/python3.9/site-packages/django/middleware/csrf.py first seen with mtime 1676076345.7529857
File /usr/local/lib/python3.9/site-packages/django/db/backends/ddl_references.py first seen with mtime 1676076345.7089846
File /usr/local/lib/python3.9/site-packages/django/urls/utils.py first seen with mtime 1676076345.7609859
File /usr/local/lib/python3.9/site-packages/django/contrib/admin/filters.py first seen with mtime 1676076345.2009733
File /usr/local/lib/python3.9/urllib/error.py first seen with mtime 1671257434.829627
File /usr/local/lib/python3.9/site-packages/django/template/backends/django.py first seen with mtime 1676076345.756986
File /usr/local/lib/python3.9/site-packages/django/db/models/sql/query.py first seen with mtime 1676076345.7369854
File /usr/local/lib/python3.9/typing.py first seen with mtime 1671257431.6976895
File /usr/local/lib/python3.9/email/_encoded_words.py first seen with mtime 1671257434.405635
File /web/truecaller/dialer/models.py first seen with mtime 1677078359.1954112
File /usr/local/lib/python3.9/site-packages/django/core/validators.py first seen with mtime 1676076345.6929843
File /usr/local/lib/python3.9/numbers.py first seen with mtime 1671257431.5656922
File /usr/local/lib/python3.9/site-packages/django/db/migrations/__init__.py first seen with mtime 1676076345.720985
File /usr/local/lib/python3.9/site-packages/django/core/cache/__init__.py first seen with mtime 1676076345.6929843
File /usr/local/lib/python3.9/site-packages/django/template/utils.py first seen with mtime 1676076345.756986
File /usr/local/lib/python3.9/_compat_pickle.py first seen with mtime 1671257431.4016957
File /usr/local/lib/python3.9/importlib/abc.py first seen with mtime 1671257433.6936488
File /usr/local/lib/python3.9/site-packages/django/utils/connection.py first seen with mtime 1676076345.764986
File /usr/local/lib/python3.9/hmac.py first seen with mtime 1671257431.5216932
File /usr/local/lib/python3.9/lib-dynload/_queue.cpython-39-x86_64-linux-gnu.so first seen with mtime 1671257343.0
File /usr/local/lib/python3.9/site-packages/django/db/backends/base/features.py first seen with mtime 1676076345.7129848
File /usr/local/lib/python3.9/site-packages/django/utils/autoreload.py first seen with mtime 1676076345.764986
File /usr/local/lib/python3.9/inspect.py first seen with mtime 1671257431.5256932
File /usr/local/lib/python3.9/site-packages/django/template/smartif.py first seen with mtime 1676076345.756986
File /usr/local/lib/python3.9/site-packages/django/core/handlers/asgi.py first seen with mtime 1676076345.7009845
File /usr/local/lib/python3.9/site-packages/django/contrib/admin/options.py first seen with mtime 1676076345.2009733
File /usr/local/lib/python3.9/lib-dynload/_random.cpython-39-x86_64-linux-gnu.so first seen with mtime 1671257343.0
File /usr/local/lib/python3.9/site-packages/django/contrib/sites/requests.py first seen with mtime 1676076345.6609836
File /usr/local/lib/python3.9/site-packages/django/template/defaulttags.py first seen with mtime 1676076345.7529857
File /usr/local/lib/python3.9/importlib/machinery.py first seen with mtime 1671257433.6976488
File /usr/local/lib/python3.9/site-packages/django/contrib/admin/decorators.py first seen with mtime 1676076345.2009733
File /usr/local/lib/python3.9/site-packages/django/views/__init__.py first seen with mtime 1676076345.768986
File /usr/local/lib/python3.9/reprlib.py first seen with mtime 1671257431.6056914
File /usr/local/lib/python3.9/site-packages/django/db/backends/base/validation.py first seen with mtime 1676076345.7129848
File /usr/local/lib/python3.9/warnings.py first seen with mtime 1671257431.6976895
File /usr/local/lib/python3.9/site-packages/django/db/migrations/operations/special.py first seen with mtime 1676076345.7249851
File /usr/local/lib/python3.9/email/mime/multipart.py first seen with mtime 1671257434.4656339
File /usr/local/lib/python3.9/opcode.py first seen with mtime 1671257431.5696921
File /usr/local/lib/python3.9/site-packages/django/contrib/admin/templatetags/log.py first seen with mtime 1676076345.324976
File /usr/local/lib/python3.9/lib-dynload/_zoneinfo.cpython-39-x86_64-linux-gnu.so first seen with mtime 1671257343.0
File /usr/local/lib/python3.9/site-packages/django/apps/registry.py first seen with mtime 1676076345.108971
File /usr/local/lib/python3.9/token.py first seen with mtime 1671257431.6736898
File /usr/local/lib/python3.9/site-packages/django/core/signing.py first seen with mtime 1676076345.6929843
File /usr/local/lib/python3.9/site-packages/django/db/models/enums.py first seen with mtime 1676076345.7249851
File /usr/local/lib/python3.9/site-packages/django/contrib/admin/views/__init__.py first seen with mtime 1676076345.324976
File /usr/local/lib/python3.9/email/_parseaddr.py first seen with mtime 1671257434.409635
File /usr/local/lib/python3.9/site-packages/django/contrib/sessions/apps.py first seen with mtime 1676076345.6249828
File /usr/local/lib/python3.9/site-packages/django/core/files/uploadhandler.py first seen with mtime 1676076345.7009845
File /usr/local/lib/python3.9/site-packages/sqlparse/cli.py first seen with mtime 1676076345.0049686
File /usr/local/lib/python3.9/asyncio/transports.py first seen with mtime 1671257434.0376422
File /usr/local/lib/python3.9/site-packages/django/db/models/aggregates.py first seen with mtime 1676076345.7249851
File /usr/local/lib/python3.9/site-packages/django/contrib/auth/middleware.py first seen with mtime 1676076345.364977
File /usr/local/lib/python3.9/site-packages/django/utils/ipv6.py first seen with mtime 1676076345.768986
File /usr/local/lib/python3.9/lib-dynload/_asyncio.cpython-39-x86_64-linux-gnu.so first seen with mtime 1671257343.0
File /usr/local/lib/python3.9/site-packages/django/template/loaders/app_directories.py first seen with mtime 1676076345.756986
File /usr/local/lib/python3.9/html/entities.py first seen with mtime 1671257434.6616302
File /usr/local/lib/python3.9/site-packages/django/core/serializers/python.py first seen with mtime 1676076345.7089846
File /usr/local/lib/python3.9/site-packages/django/contrib/staticfiles/management/commands/__init__.py first seen with mtime 1676076345.6929843
File /usr/local/lib/python3.9/site-packages/django/db/models/constants.py first seen with mtime 1676076345.7249851
File /usr/local/lib/python3.9/site-packages/django/db/models/functions/math.py first seen with mtime 1676076345.7329853
File /usr/local/lib/python3.9/site-packages/django/views/debug.py first seen with mtime 1676076345.7729862
File /usr/local/lib/python3.9/encodings/aliases.py first seen with mtime 1671257434.1376402
File /usr/local/lib/python3.9/string.py first seen with mtime 1671257431.6416907
File /usr/local/lib/python3.9/site-packages/django/db/backends/base/schema.py first seen with mtime 1676076345.7129848
File /usr/local/lib/python3.9/site-packages/django/db/transaction.py first seen with mtime 1676076345.7089846
File /usr/local/lib/python3.9/site-packages/django/db/models/fields/__init__.py first seen with mtime 1676076345.728985
File /usr/local/lib/python3.9/pathlib.py first seen with mtime 1671257431.573692
File /usr/local/lib/python3.9/site-packages/django/core/cache/backends/filebased.py first seen with mtime 1676076345.6929843
File /usr/local/lib/python3.9/site-packages/django/views/decorators/cache.py first seen with mtime 1676076345.7729862
File /usr/local/lib/python3.9/site-packages/django/utils/timesince.py first seen with mtime 1676076345.768986
File /usr/local/lib/python3.9/site-packages/django/core/mail/__init__.py first seen with mtime 1676076345.7009845
File /usr/local/lib/python3.9/site-packages/django/db/backends/__init__.py first seen with mtime 1676076345.7089846
File /usr/local/lib/python3.9/site-packages/django/conf/__init__.py first seen with mtime 1676076345.108971
File /usr/local/lib/python3.9/asyncio/trsock.py first seen with mtime 1671257434.0376422
File /usr/local/lib/python3.9/zoneinfo/_tzpath.py first seen with mtime 1671257435.901607
File /usr/local/lib/python3.9/site-packages/django/db/models/__init__.py first seen with mtime 1676076345.7249851
File /usr/local/lib/python3.9/site-packages/django/contrib/contenttypes/management/__init__.py first seen with mtime 1676076345.4409785
File /usr/local/lib/python3.9/site-packages/django/contrib/auth/management/__init__.py first seen with mtime 1676076345.408978
File /usr/local/lib/python3.9/bisect.py first seen with mtime 1671257431.4456947
File /usr/local/lib/python3.9/site-packages/django/middleware/cache.py first seen with mtime 1676076345.7529857
File /usr/local/lib/python3.9/lib-dynload/_hashlib.cpython-39-x86_64-linux-gnu.so first seen with mtime 1671257345.0
File /usr/local/lib/python3.9/site-packages/django/db/backends/signals.py first seen with mtime 1676076345.7089846
File /usr/local/lib/python3.9/lib-dynload/_opcode.cpython-39-x86_64-linux-gnu.so first seen with mtime 1671257343.0
File /usr/local/lib/python3.9/site-packages/django/middleware/security.py first seen with mtime 1676076345.7529857
File /usr/local/lib/python3.9/site-packages/django/db/models/manager.py first seen with mtime 1676076345.728985
File /usr/local/lib/python3.9/site-packages/django/utils/inspect.py first seen with mtime 1676076345.764986
File /usr/local/lib/python3.9/asyncio/log.py first seen with mtime 1671257434.0216424
File /usr/local/lib/python3.9/site-packages/django/urls/__init__.py first seen with mtime 1676076345.7609859
File /usr/local/lib/python3.9/site-packages/django/template/loaders/filesystem.py first seen with mtime 1676076345.756986
File /usr/local/lib/python3.9/ssl.py first seen with mtime 1671257431.6376908
File /usr/local/lib/python3.9/site-packages/django/db/models/functions/mixins.py first seen with mtime 1676076345.7329853
File /usr/local/lib/python3.9/_sitebuiltins.py first seen with mtime 1671257431.4096956
File /usr/local/lib/python3.9/site-packages/django/utils/log.py first seen with mtime 1676076345.768986
File /usr/local/lib/python3.9/platform.py first seen with mtime 1671257431.581692
File /web/truecaller/truecaller/__init__.py first seen with mtime 1677078196.9880729
File /usr/local/lib/python3.9/fnmatch.py first seen with mtime 1671257431.4936938
File /usr/local/lib/python3.9/site-packages/django/templatetags/cache.py first seen with mtime 1676076345.756986
File /usr/local/lib/python3.9/site-packages/django/db/migrations/utils.py first seen with mtime 1676076345.7249851
File /usr/local/lib/python3.9/site-packages/django/forms/renderers.py first seen with mtime 1676076345.7369854
File /usr/local/lib/python3.9/site-packages/django/core/cache/utils.py first seen with mtime 1676076345.6929843
File /usr/local/lib/python3.9/json/encoder.py first seen with mtime 1671257434.67363
File /usr/local/lib/python3.9/site-packages/sqlparse/engine/grouping.py first seen with mtime 1676076345.0049686
File /usr/local/lib/python3.9/site-packages/asgiref/sync.py first seen with mtime 1676076345.0409696
File /usr/local/lib/python3.9/site-packages/django/template/backends/base.py first seen with mtime 1676076345.756986
File /usr/local/lib/python3.9/site-packages/sqlparse/lexer.py first seen with mtime 1676076345.0049686
File /usr/local/lib/python3.9/site-packages/django/contrib/auth/validators.py first seen with mtime 1676076345.368977
File /usr/local/lib/python3.9/json/__init__.py first seen with mtime 1671257434.66963
File /usr/local/lib/python3.9/site-packages/django/core/serializers/__init__.py first seen with mtime 1676076345.7089846
File /web/truecaller/dialer/views.py first seen with mtime 1677101703.1991122
File /usr/local/lib/python3.9/sre_constants.py first seen with mtime 1671257431.6376908
File /usr/local/lib/python3.9/contextvars.py first seen with mtime 1671257431.473694
File /usr/local/lib/python3.9/site-packages/django/db/models/base.py first seen with mtime 1676076345.7249851
File /usr/local/lib/python3.9/lib-dynload/_ssl.cpython-39-x86_64-linux-gnu.so first seen with mtime 1671257345.0
File /usr/local/lib/python3.9/site-packages/django/contrib/admin/helpers.py first seen with mtime 1676076345.2009733
File /usr/local/lib/python3.9/email/feedparser.py first seen with mtime 1671257434.4296346
File /usr/local/lib/python3.9/site-packages/psycopg2/errors.py first seen with mtime 1666695948.0
File /usr/local/lib/python3.9/site-packages/django/contrib/messages/storage/__init__.py first seen with mtime 1676076345.5649815
File /usr/local/lib/python3.9/site-packages/django/db/models/sql/where.py first seen with mtime 1676076345.7369854
File /usr/local/lib/python3.9/site-packages/django/contrib/admin/apps.py first seen with mtime 1676076345.2009733
File /usr/local/lib/python3.9/asyncio/base_tasks.py first seen with mtime 1671257434.0096426
File /usr/local/lib/python3.9/lib-dynload/_pickle.cpython-39-x86_64-linux-gnu.so first seen with mtime 1671257346.0
File /usr/local/lib/python3.9/_markupbase.py first seen with mtime 1671257431.4056957
File /usr/local/lib/python3.9/site-packages/django/utils/decorators.py first seen with mtime 1676076345.764986
File /usr/local/lib/python3.9/site-packages/django/db/models/fields/json.py first seen with mtime 1676076345.728985
File /usr/local/lib/python3.9/site-packages/django/views/csrf.py first seen with mtime 1676076345.7729862
File /web/truecaller/manage.py first seen with mtime 1677078196.984073
File /usr/local/lib/python3.9/site-packages/django/contrib/staticfiles/apps.py first seen with mtime 1676076345.6889842
File /usr/local/lib/python3.9/site-packages/django/templatetags/l10n.py first seen with mtime 1676076345.756986
File /usr/local/lib/python3.9/site-packages/django/forms/__init__.py first seen with mtime 1676076345.7369854
File /usr/local/lib/python3.9/site-packages/django/contrib/sessions/middleware.py first seen with mtime 1676076345.6249828
File /usr/local/lib/python3.9/asyncio/exceptions.py first seen with mtime 1671257434.0136425
File /usr/local/lib/python3.9/site-packages/django/db/backends/base/creation.py first seen with mtime 1676076345.7129848
File /usr/local/lib/python3.9/site-packages/django/contrib/contenttypes/models.py first seen with mtime 1676076345.412978
File /usr/local/lib/python3.9/site-packages/django/contrib/auth/tokens.py first seen with mtime 1676076345.368977
File /usr/local/lib/python3.9/site-packages/django/utils/termcolors.py first seen with mtime 1676076345.768986
File /usr/local/lib/python3.9/site-packages/psycopg2/extras.py first seen with mtime 1666695948.0
File /usr/local/lib/python3.9/site-packages/django/template/autoreload.py first seen with mtime 1676076345.7529857
File /usr/local/lib/python3.9/zoneinfo/_common.py first seen with mtime 1671257435.901607
File /usr/local/lib/python3.9/site-packages/django/core/checks/__init__.py first seen with mtime 1676076345.6969845
File /usr/local/lib/python3.9/site-packages/django/core/serializers/base.py first seen with mtime 1676076345.7089846
File /usr/local/lib/python3.9/site-packages/django/contrib/admin/templatetags/admin_list.py first seen with mtime 1676076345.324976
File /usr/local/lib/python3.9/site-packages/django/contrib/messages/api.py first seen with mtime 1676076345.5649815
File /usr/local/lib/python3.9/concurrent/futures/__init__.py first seen with mtime 1671257434.1296403
File /usr/local/lib/python3.9/site-packages/django/contrib/admin/sites.py first seen with mtime 1676076345.2009733
File /usr/local/lib/python3.9/site-packages/django/utils/module_loading.py first seen with mtime 1676076345.768986
File /usr/local/lib/python3.9/site-packages/django/db/models/functions/datetime.py first seen with mtime 1676076345.7329853
File /usr/local/lib/python3.9/email/_header_value_parser.py first seen with mtime 1671257434.405635
File /usr/local/lib/python3.9/pkgutil.py first seen with mtime 1671257431.581692
File /usr/local/lib/python3.9/site-packages/django/contrib/messages/storage/base.py first seen with mtime 1676076345.5649815
File /usr/local/lib/python3.9/linecache.py first seen with mtime 1671257431.5376928
File /usr/local/lib/python3.9/site-packages/django/utils/regex_helper.py first seen with mtime 1676076345.768986
File /usr/local/lib/python3.9/site-packages/django/contrib/staticfiles/management/__init__.py first seen with mtime 1676076345.6929843
File /usr/local/lib/python3.9/site-packages/django/contrib/auth/models.py first seen with mtime 1676076345.368977
File /usr/local/lib/python3.9/site-packages/psycopg2/_json.py first seen with mtime 1666695948.0
File /web/truecaller/dialer/__init__.py first seen with mtime 1677088655.9432364
File /usr/local/lib/python3.9/site-packages/django/urls/converters.py first seen with mtime 1676076345.7609859
File /usr/local/lib/python3.9/asyncio/protocols.py first seen with mtime 1671257434.0256424
File /usr/local/lib/python3.9/site-packages/django/db/migrations/operations/models.py first seen with mtime 1676076345.7249851
File /usr/local/lib/python3.9/site-packages/django/core/mail/utils.py first seen with mtime 1676076345.7009845
File /usr/local/lib/python3.9/site-packages/sqlparse/filters/__init__.py first seen with mtime 1676076345.0049686
File /usr/local/lib/python3.9/site-packages/django/db/models/functions/text.py first seen with mtime 1676076345.7329853
File /usr/local/lib/python3.9/site-packages/django/core/checks/templates.py first seen with mtime 1676076345.6969845
File /usr/local/lib/python3.9/site-packages/django/db/models/utils.py first seen with mtime 1676076345.728985
File /usr/local/lib/python3.9/site-packages/django/templatetags/tz.py first seen with mtime 1676076345.756986
File /usr/local/lib/python3.9/site-packages/django/utils/translation/trans_real.py first seen with mtime 1676076345.768986
File /usr/local/lib/python3.9/site-packages/sqlparse/__init__.py first seen with mtime 1676076345.0049686
File /usr/local/lib/python3.9/copy.py first seen with mtime 1671257431.473694
File /usr/local/lib/python3.9/site-packages/django/contrib/sessions/backends/__init__.py first seen with mtime 1676076345.6249828
File /usr/local/lib/python3.9/site-packages/django/core/serializers/json.py first seen with mtime 1676076345.7089846
File /usr/local/lib/python3.9/decimal.py first seen with mtime 1671257431.481694
File /usr/local/lib/python3.9/site-packages/django/db/migrations/operations/base.py first seen with mtime 1676076345.7249851
File /usr/local/lib/python3.9/site-packages/django/db/backends/base/__init__.py first seen with mtime 1676076345.7089846
File /usr/local/lib/python3.9/site-packages/django/utils/itercompat.py first seen with mtime 1676076345.768986
File /usr/local/lib/python3.9/posixpath.py first seen with mtime 1671257431.585692
File /usr/local/lib/python3.9/site-packages/django/core/mail/message.py first seen with mtime 1676076345.7009845
File /usr/local/lib/python3.9/_weakrefset.py first seen with mtime 1671257431.4176953
File /usr/local/lib/python3.9/encodings/latin_1.py first seen with mtime 1671257434.3056371
File /usr/local/lib/python3.9/site-packages/django/views/generic/edit.py first seen with mtime 1676076345.7729862
File /usr/local/lib/python3.9/uuid.py first seen with mtime 1671257431.6976895
File /usr/local/lib/python3.9/site-packages/sqlparse/engine/__init__.py first seen with mtime 1676076345.0049686
File /usr/local/lib/python3.9/lib-dynload/_datetime.cpython-39-x86_64-linux-gnu.so first seen with mtime 1671257345.0
File /usr/local/lib/python3.9/site-packages/django/utils/deprecation.py first seen with mtime 1676076345.764986
File /usr/local/lib/python3.9/site-packages/django/db/models/sql/datastructures.py first seen with mtime 1676076345.7329853
File /usr/local/lib/python3.9/site-packages/django/views/generic/detail.py first seen with mtime 1676076345.7729862
File /usr/local/lib/python3.9/site-packages/django/core/checks/translation.py first seen with mtime 1676076345.6969845
File /usr/local/lib/python3.9/traceback.py first seen with mtime 1671257431.6816897
File /usr/local/lib/python3.9/http/server.py first seen with mtime 1671257434.7376287
File /usr/local/lib/python3.9/site-packages/django/contrib/contenttypes/forms.py first seen with mtime 1676076345.412978
File /usr/local/lib/python3.9/site-packages/django/urls/conf.py first seen with mtime 1676076345.7609859
File /usr/local/lib/python3.9/site-packages/django/db/models/fields/reverse_related.py first seen with mtime 1676076345.7329853
File /usr/local/lib/python3.9/genericpath.py first seen with mtime 1671257431.5056934
File /usr/local/lib/python3.9/html/__init__.py first seen with mtime 1671257434.6616302
File /usr/local/lib/python3.9/site-packages/django/db/models/fields/related.py first seen with mtime 1676076345.7329853
File /usr/local/lib/python3.9/site-packages/django/utils/dateparse.py first seen with mtime 1676076345.764986
File /usr/local/lib/python3.9/urllib/__init__.py first seen with mtime 1671257434.825627
File /usr/local/lib/python3.9/site-packages/asgiref/local.py first seen with mtime 1676076345.0409696
File /usr/local/lib/python3.9/gettext.py first seen with mtime 1671257431.5056934
File /usr/local/lib/python3.9/importlib/__init__.py first seen with mtime 1671257433.6856492
File /usr/local/lib/python3.9/site-packages/django/template/response.py first seen with mtime 1676076345.756986
File /usr/local/lib/python3.9/asyncio/base_subprocess.py first seen with mtime 1671257434.0096426
File /usr/local/lib/python3.9/asyncio/coroutines.py first seen with mtime 1671257434.0136425
File /usr/local/lib/python3.9/site.py first seen with mtime 1671257431.617691
File /usr/local/lib/python3.9/mimetypes.py first seen with mtime 1671257431.5496926
File /usr/local/lib/python3.9/site-packages/django/contrib/admin/views/main.py first seen with mtime 1676076345.324976
File /usr/local/lib/python3.9/site-packages/psycopg2/errorcodes.py first seen with mtime 1666695948.0
File /usr/local/lib/python3.9/asyncio/threads.py first seen with mtime 1671257434.0376422
File /usr/local/lib/python3.9/site-packages/django/db/backends/base/base.py first seen with mtime 1676076345.7089846
File /usr/local/lib/python3.9/site-packages/sqlparse/filters/reindent.py first seen with mtime 1676076345.0049686
File /usr/local/lib/python3.9/wsgiref/__init__.py first seen with mtime 1671257434.8096273
File /usr/local/lib/python3.9/site-packages/django/core/checks/compatibility/__init__.py first seen with mtime 1676076345.6969845
File /usr/local/lib/python3.9/site-packages/django/contrib/admin/widgets.py first seen with mtime 1676076345.2009733
File /usr/local/lib/python3.9/asyncio/streams.py first seen with mtime 1671257434.0336423
File /usr/local/lib/python3.9/site-packages/django/core/__init__.py first seen with mtime 1676076345.6929843
File /usr/local/lib/python3.9/site-packages/django/dispatch/__init__.py first seen with mtime 1676076345.7369854
File /usr/local/lib/python3.9/site-packages/django/forms/utils.py first seen with mtime 1676076345.7369854
File /usr/local/lib/python3.9/site-packages/django/contrib/auth/forms.py first seen with mtime 1676076345.364977
File /usr/local/lib/python3.9/site-packages/django/contrib/messages/constants.py first seen with mtime 1676076345.5649815
File /usr/local/lib/python3.9/site-packages/django/db/models/deletion.py first seen with mtime 1676076345.7249851
File /usr/local/lib/python3.9/site-packages/asgiref/current_thread_executor.py first seen with mtime 1676076345.0409696
File /usr/local/lib/python3.9/base64.py first seen with mtime 1671257431.437695
File /usr/local/lib/python3.9/logging/__init__.py first seen with mtime 1671257434.8016276
File /usr/local/lib/python3.9/site-packages/django/db/models/query_utils.py first seen with mtime 1676076345.728985
File /usr/local/lib/python3.9/site-packages/django/core/wsgi.py first seen with mtime 1676076345.6929843
File /usr/local/lib/python3.9/site-packages/django/contrib/admin/exceptions.py first seen with mtime 1676076345.2009733
File /usr/local/lib/python3.9/site-packages/django/db/models/expressions.py first seen with mtime 1676076345.7249851
File /usr/local/lib/python3.9/site-packages/sqlparse/engine/filter_stack.py first seen with mtime 1676076345.0049686
File /usr/local/lib/python3.9/site-packages/sqlparse/filters/others.py first seen with mtime 1676076345.0049686
File /usr/local/lib/python3.9/site-packages/django/shortcuts.py first seen with mtime 1676076345.108971
File /usr/local/lib/python3.9/ntpath.py first seen with mtime 1671257431.5616922
File /usr/local/lib/python3.9/site-packages/django/core/paginator.py first seen with mtime 1676076345.6929843
File /usr/local/lib/python3.9/site-packages/django/templatetags/static.py first seen with mtime 1676076345.756986
File /usr/local/lib/python3.9/site-packages/django/contrib/contenttypes/views.py first seen with mtime 1676076345.412978
File /usr/local/lib/python3.9/site-packages/django/utils/formats.py first seen with mtime 1676076345.764986
File /usr/local/lib/python3.9/site-packages/django/utils/timezone.py first seen with mtime 1676076345.768986
File /usr/local/lib/python3.9/site-packages/django/contrib/sessions/models.py first seen with mtime 1676076345.6249828
File /usr/local/lib/python3.9/site-packages/django/template/loader.py first seen with mtime 1676076345.756986
File /usr/local/lib/python3.9/site-packages/django/contrib/messages/__init__.py first seen with mtime 1676076345.5649815
File /usr/local/lib/python3.9/site-packages/django/__init__.py first seen with mtime 1676076345.108971
File /usr/local/lib/python3.9/site-packages/django/urls/exceptions.py first seen with mtime 1676076345.7609859
File /usr/local/lib/python3.9/site-packages/asgiref/__init__.py first seen with mtime 1676076345.0409696
File /usr/local/lib/python3.9/email/encoders.py first seen with mtime 1671257434.4256346
File /usr/local/lib/python3.9/site-packages/django/template/backends/__init__.py first seen with mtime 1676076345.756986
File /usr/local/lib/python3.9/site-packages/django/contrib/staticfiles/finders.py first seen with mtime 1676076345.6889842
File /usr/local/lib/python3.9/site-packages/django/template/loaders/base.py first seen with mtime 1676076345.756986
File /web/truecaller/dialer/admin.py first seen with mtime 1677078359.1954112
File /usr/local/lib/python3.9/email/generator.py first seen with mtime 1671257434.4336345
File /usr/local/lib/python3.9/site-packages/psycopg2/_psycopg.cpython-39-x86_64-linux-gnu.so first seen with mtime 1671294648.0
File /usr/local/lib/python3.9/json/decoder.py first seen with mtime 1671257434.66963
File /usr/local/lib/python3.9/email/parser.py first seen with mtime 1671257434.4416344
File /usr/local/lib/python3.9/site-packages/django/core/servers/__init__.py first seen with mtime 1676076345.7089846
File /usr/local/lib/python3.9/site-packages/django/views/generic/dates.py first seen with mtime 1676076345.7729862
File /usr/local/lib/python3.9/site-packages/sqlparse/utils.py first seen with mtime 1676076345.0049686
File /usr/local/lib/python3.9/site-packages/django/template/exceptions.py first seen with mtime 1676076345.7529857
File /usr/local/lib/python3.9/site-packages/django/core/checks/security/sessions.py first seen with mtime 1676076345.6969845
File /usr/local/lib/python3.9/lib-dynload/_contextvars.cpython-39-x86_64-linux-gnu.so first seen with mtime 1671257343.0
File /usr/local/lib/python3.9/site-packages/django/db/backends/postgresql/operations.py first seen with mtime 1676076345.716985
File /usr/local/lib/python3.9/site-packages/django/utils/hashable.py first seen with mtime 1676076345.764986
File /usr/local/lib/python3.9/importlib/util.py first seen with mtime 1671257433.6976488
File /usr/local/lib/python3.9/site-packages/django/http/__init__.py first seen with mtime 1676076345.7489855
File /usr/local/lib/python3.9/subprocess.py first seen with mtime 1671257431.6496904
File /usr/local/lib/python3.9/site-packages/django/utils/translation/__init__.py first seen with mtime 1676076345.768986
File /usr/local/lib/python3.9/asyncio/unix_events.py first seen with mtime 1671257434.041642
File /usr/local/lib/python3.9/asyncio/events.py first seen with mtime 1671257434.0136425
File /usr/local/lib/python3.9/site-packages/django/core/files/images.py first seen with mtime 1676076345.6969845
File /usr/local/lib/python3.9/site-packages/django/db/models/signals.py first seen with mtime 1676076345.728985
File /usr/local/lib/python3.9/quopri.py first seen with mtime 1671257431.5976915
File /usr/local/lib/python3.9/http/__init__.py first seen with mtime 1671257434.725629
File /usr/local/lib/python3.9/lib-dynload/array.cpython-39-x86_64-linux-gnu.so first seen with mtime 1671257344.0
File /usr/local/lib/python3.9/wsgiref/util.py first seen with mtime 1671257434.8176272
File /usr/local/lib/python3.9/site-packages/django/conf/global_settings.py first seen with mtime 1676076345.108971
File /usr/local/lib/python3.9/site-packages/django/core/management/commands/__init__.py first seen with mtime 1676076345.7049847
File /usr/local/lib/python3.9/site-packages/django/db/backends/postgresql/schema.py first seen with mtime 1676076345.716985
File /usr/local/lib/python3.9/site-packages/django/core/checks/security/__init__.py first seen with mtime 1676076345.6969845
File /usr/local/lib/python3.9/lib-dynload/math.cpython-39-x86_64-linux-gnu.so first seen with mtime 1671257344.0
File /usr/local/lib/python3.9/site-packages/django/core/files/uploadedfile.py first seen with mtime 1676076345.7009845
File /usr/local/lib/python3.9/types.py first seen with mtime 1671257431.6936896
File /usr/local/lib/python3.9/urllib/request.py first seen with mtime 1671257434.829627
File /usr/local/lib/python3.9/lib-dynload/binascii.cpython-39-x86_64-linux-gnu.so first seen with mtime 1671257346.0
File /usr/local/lib/python3.9/os.py first seen with mtime 1671257431.573692
File /usr/local/lib/python3.9/lib-dynload/unicodedata.cpython-39-x86_64-linux-gnu.so first seen with mtime 1671257345.0
File /usr/local/lib/python3.9/stat.py first seen with mtime 1671257431.6376908
File /usr/local/lib/python3.9/site-packages/django/utils/tree.py first seen with mtime 1676076345.768986
File /usr/local/lib/python3.9/site-packages/django/db/backends/base/client.py first seen with mtime 1676076345.7129848
File /usr/local/lib/python3.9/site-packages/django/db/models/sql/constants.py first seen with mtime 1676076345.7329853
File /usr/local/lib/python3.9/site-packages/django/contrib/contenttypes/__init__.py first seen with mtime 1676076345.412978
File /usr/local/lib/python3.9/site-packages/django/core/checks/model_checks.py first seen with mtime 1676076345.6969845
File /usr/local/lib/python3.9/email/policy.py first seen with mtime 1671257434.4416344
File /usr/local/lib/python3.9/hashlib.py first seen with mtime 1671257431.5136933
File /usr/local/lib/python3.9/site-packages/django/contrib/__init__.py first seen with mtime 1676076345.2009733
File /usr/local/lib/python3.9/secrets.py first seen with mtime 1671257431.6096914
File /usr/local/lib/python3.9/lib-dynload/_socket.cpython-39-x86_64-linux-gnu.so first seen with mtime 1671257345.0
File /usr/local/lib/python3.9/site-packages/django/core/checks/caches.py first seen with mtime 1676076345.6969845
File /usr/local/lib/python3.9/wsgiref/headers.py first seen with mtime 1671257434.8136272
File /usr/local/lib/python3.9/site-packages/django/db/backends/base/introspection.py first seen with mtime 1676076345.7129848
File /usr/local/lib/python3.9/copyreg.py first seen with mtime 1671257431.473694
File /usr/local/lib/python3.9/site-packages/django/utils/dates.py first seen with mtime 1676076345.764986
File /usr/local/lib/python3.9/site-packages/sqlparse/formatter.py first seen with mtime 1676076345.0049686
File /usr/local/lib/python3.9/site-packages/django/core/cache/backends/base.py first seen with mtime 1676076345.6929843
File /usr/local/lib/python3.9/email/mime/text.py first seen with mtime 1671257434.4696338
File /usr/local/lib/python3.9/pickle.py first seen with mtime 1671257431.577692
File /usr/local/lib/python3.9/urllib/parse.py first seen with mtime 1671257434.829627
File /usr/local/lib/python3.9/asyncio/selector_events.py first seen with mtime 1671257434.0296423
File /usr/local/lib/python3.9/site-packages/django/db/models/fields/proxy.py first seen with mtime 1676076345.728985
File /usr/local/lib/python3.9/site-packages/django/utils/translation/reloader.py first seen with mtime 1676076345.768986
File /usr/local/lib/python3.9/site-packages/django/db/models/functions/comparison.py first seen with mtime 1676076345.7329853
File /usr/local/lib/python3.9/glob.py first seen with mtime 1671257431.5096934
File /usr/local/lib/python3.9/site-packages/django/templatetags/i18n.py first seen with mtime 1676076345.756986
File /usr/local/lib/python3.9/abc.py first seen with mtime 1671257431.4216952
File /usr/local/lib/python3.9/collections/__init__.py first seen with mtime 1671257434.1176405
File /usr/local/lib/python3.9/site-packages/django/forms/fields.py first seen with mtime 1676076345.7369854
File /usr/local/lib/python3.9/site-packages/django/db/models/sql/__init__.py first seen with mtime 1676076345.7329853
File /usr/local/lib/python3.9/site-packages/sqlparse/filters/aligned_indent.py first seen with mtime 1676076345.0049686
File /usr/local/lib/python3.9/site-packages/django/core/checks/async_checks.py first seen with mtime 1676076345.6969845
File /usr/local/lib/python3.9/site-packages/django/core/checks/security/base.py first seen with mtime 1676076345.6969845
File /usr/local/lib/python3.9/site-packages/django/contrib/admin/models.py first seen with mtime 1676076345.2009733
File /usr/local/lib/python3.9/site-packages/django/utils/lorem_ipsum.py first seen with mtime 1676076345.768986
File /usr/local/lib/python3.9/site-packages/django/db/migrations/operations/fields.py first seen with mtime 1676076345.7249851
File /usr/local/lib/python3.9/site-packages/django/contrib/auth/__init__.py first seen with mtime 1676076345.364977
File /usr/local/lib/python3.9/site-packages/django/contrib/contenttypes/checks.py first seen with mtime 1676076345.412978
File /usr/local/lib/python3.9/site-packages/django/db/migrations/operations/__init__.py first seen with mtime 1676076345.7249851
File /usr/local/lib/python3.9/queue.py first seen with mtime 1671257431.5976915
File /usr/local/lib/python3.9/datetime.py first seen with mtime 1671257431.481694
File /usr/local/lib/python3.9/site-packages/django/contrib/staticfiles/checks.py first seen with mtime 1676076345.6889842
File /usr/local/lib/python3.9/lib-dynload/grp.cpython-39-x86_64-linux-gnu.so first seen with mtime 1671257343.0
File /usr/local/lib/python3.9/contextlib.py first seen with mtime 1671257431.4696944
File /usr/local/lib/python3.9/ipaddress.py first seen with mtime 1671257431.5296931
File /usr/local/lib/python3.9/asyncio/subprocess.py first seen with mtime 1671257434.0336423
File /usr/local/lib/python3.9/email/__init__.py first seen with mtime 1671257434.4016352
File /usr/local/lib/python3.9/lib-dynload/_bisect.cpython-39-x86_64-linux-gnu.so first seen with mtime 1671257343.0
File /usr/local/lib/python3.9/site-packages/django/contrib/auth/signals.py first seen with mtime 1676076345.368977
File /usr/local/lib/python3.9/site-packages/django/core/handlers/__init__.py first seen with mtime 1676076345.7009845
File /usr/local/lib/python3.9/site-packages/django/utils/version.py first seen with mtime 1676076345.768986
File /usr/local/lib/python3.9/threading.py first seen with mtime 1671257431.6696901
File /usr/local/lib/python3.9/pprint.py first seen with mtime 1671257431.5896916
File /usr/local/lib/python3.9/site-packages/django/utils/deconstruct.py first seen with mtime 1676076345.764986
File /usr/local/lib/python3.9/site-packages/django/views/defaults.py first seen with mtime 1676076345.7729862
File /usr/local/lib/python3.9/site-packages/django/db/models/functions/__init__.py first seen with mtime 1676076345.7329853
File /usr/local/lib/python3.9/site-packages/django/contrib/messages/utils.py first seen with mtime 1676076345.5649815
File /usr/local/lib/python3.9/site-packages/django/core/files/locks.py first seen with mtime 1676076345.6969845
File /usr/local/lib/python3.9/getpass.py first seen with mtime 1671257431.5056934
File /usr/local/lib/python3.9/site-packages/django/db/__init__.py first seen with mtime 1676076345.7089846
File /usr/local/lib/python3.9/site-packages/django/core/handlers/wsgi.py first seen with mtime 1676076345.7009845
File /usr/local/lib/python3.9/locale.py first seen with mtime 1671257431.5376928
File /usr/local/lib/python3.9/asyncio/staggered.py first seen with mtime 1671257434.0296423
File /usr/local/lib/python3.9/gzip.py first seen with mtime 1671257431.5136933
File /usr/local/lib/python3.9/asyncio/sslproto.py first seen with mtime 1671257434.0296423
File /usr/local/lib/python3.9/site-packages/django/contrib/admin/actions.py first seen with mtime 1676076345.2009733
File /web/truecaller/dialer/templates/base.html first seen with mtime 1677090945.6193616
File /web/truecaller/dialer/templates/file_process.html first seen with mtime 1677079575.6245925
File /web/truecaller/dialer/templates/file_list.html first seen with mtime 1677090482.5616279
File /web/truecaller/dialer/migrations/__init__.py first seen with mtime 1677078359.1954112
File /usr/local/lib/python3.9/site-packages/django/core/cache/backends/locmem.py first seen with mtime 1676076345.6969845
File /usr/local/lib/python3.9/site-packages/django/db/migrations/executor.py first seen with mtime 1676076345.720985
File /usr/local/lib/python3.9/stringprep.py first seen with mtime 1671257431.6416907
File /usr/local/lib/python3.9/site-packages/django/contrib/admin/migrations/0002_logentry_remove_auto_add.py first seen with mtime 1676076345.2889752
File /usr/local/lib/python3.9/encodings/idna.py first seen with mtime 1671257434.249638
File /usr/local/lib/python3.9/site-packages/django/contrib/auth/migrations/0009_alter_user_last_name_max_length.py first seen with mtime 1676076345.408978
File /usr/local/lib/python3.9/site-packages/django/db/migrations/recorder.py first seen with mtime 1676076345.720985
File /usr/local/lib/python3.9/site-packages/django/middleware/common.py first seen with mtime 1676076345.7529857
File /usr/local/lib/python3.9/site-packages/django/contrib/auth/migrations/0002_alter_permission_name_max_length.py first seen with mtime 1676076345.408978
File /usr/local/lib/python3.9/site-packages/django/contrib/auth/migrations/0007_alter_validators_add_error_messages.py first seen with mtime 1676076345.408978
File /usr/local/lib/python3.9/site-packages/django/contrib/admin/migrations/__init__.py first seen with mtime 1676076345.2889752
File /usr/local/lib/python3.9/site-packages/django/contrib/auth/migrations/__init__.py first seen with mtime 1676076345.408978
File /usr/local/lib/python3.9/site-packages/django/contrib/sessions/backends/db.py first seen with mtime 1676076345.6289828
File /usr/local/lib/python3.9/site-packages/django/contrib/contenttypes/migrations/0002_remove_content_type_name.py first seen with mtime 1676076345.4409785
File /usr/local/lib/python3.9/site-packages/django/contrib/auth/migrations/0011_update_proxy_permissions.py first seen with mtime 1676076345.408978
File /usr/local/lib/python3.9/site-packages/django/contrib/auth/migrations/0012_alter_user_first_name_max_length.py first seen with mtime 1676076345.408978
File /usr/local/lib/python3.9/site-packages/django/contrib/auth/migrations/0010_alter_group_name_max_length.py first seen with mtime 1676076345.408978
File /usr/local/lib/python3.9/site-packages/django/contrib/auth/migrations/0004_alter_user_username_opts.py first seen with mtime 1676076345.408978
File /web/truecaller/truecaller/wsgi.py first seen with mtime 1677078196.9880729
File /usr/local/lib/python3.9/site-packages/django/contrib/contenttypes/migrations/__init__.py first seen with mtime 1676076345.4409785
File /usr/local/lib/python3.9/site-packages/django/contrib/sessions/exceptions.py first seen with mtime 1676076345.6249828
File /usr/local/lib/python3.9/site-packages/django/contrib/contenttypes/migrations/0001_initial.py first seen with mtime 1676076345.4409785
File /usr/local/lib/python3.9/site-packages/django/contrib/messages/middleware.py first seen with mtime 1676076345.5649815
File /usr/local/lib/python3.9/site-packages/django/contrib/admin/migrations/0001_initial.py first seen with mtime 1676076345.2889752
File /usr/local/lib/python3.9/site-packages/django/contrib/auth/migrations/0001_initial.py first seen with mtime 1676076345.408978
File /usr/local/lib/python3.9/site-packages/django/contrib/sessions/backends/base.py first seen with mtime 1676076345.6249828
File /usr/local/lib/python3.9/site-packages/django/contrib/auth/migrations/0006_require_contenttypes_0002.py first seen with mtime 1676076345.408978
File /usr/local/lib/python3.9/site-packages/django/contrib/auth/migrations/0003_alter_user_email_max_length.py first seen with mtime 1676076345.408978
File /usr/local/lib/python3.9/site-packages/django/contrib/auth/migrations/0008_alter_user_username_max_length.py first seen with mtime 1676076345.408978
File /usr/local/lib/python3.9/site-packages/django/middleware/clickjacking.py first seen with mtime 1676076345.7529857
File /usr/local/lib/python3.9/site-packages/django/contrib/sessions/migrations/__init__.py first seen with mtime 1676076345.6569836
File /usr/local/lib/python3.9/site-packages/django/contrib/sessions/migrations/0001_initial.py first seen with mtime 1676076345.6569836
File /usr/local/lib/python3.9/site-packages/django/contrib/admin/migrations/0003_logentry_add_action_flag_choices.py first seen with mtime 1676076345.2889752
File /usr/local/lib/python3.9/site-packages/django/db/migrations/loader.py first seen with mtime 1676076345.720985
File /usr/local/lib/python3.9/site-packages/django/contrib/auth/migrations/0005_alter_user_last_login_null.py first seen with mtime 1676076345.408978
File /usr/local/lib/python3.9/site-packages/django/db/migrations/graph.py first seen with mtime 1676076345.720985
File /web/truecaller/truecaller/settings.py previous mtime: 1677129650.3353922, current mtime: 1677129801.7585754
/web/truecaller/truecaller/settings.py notified as changed. Signal results: [(<function template_changed at 0x7fcf90626670>, None), (<function translation_file_changed at 0x7fcf8f4d6c10>, None)].
/web/truecaller/truecaller/settings.py changed, reloading.
Watching for file changes with StatReloader
"POST /file-process/ HTTP/1.1" 200 1258
"GET /file-list/ HTTP/1.1" 200 3233
/web/truecaller/dialer/views.py changed, reloading.
Watching for file changes with StatReloader
Info log in views.py
"GET /file-list/ HTTP/1.1" 200 3233
"POST /file-process/ HTTP/1.1" 200 1258
"GET /file-list/ HTTP/1.1" 200 3233
code 400, message Bad request version ('%d1\x17%n')
"lM/	p#*5#]R:/Zf%d1%n" 400 -
Not Found: /FD873AC4-CF86-4FED-84EC-4BD59C6F17A7
"POST /FD873AC4-CF86-4FED-84EC-4BD59C6F17A7 HTTP/1.1" 404 2703
/web/truecaller/dialer/views.py changed, reloading.
Watching for file changes with StatReloader
Info log in views.py
/web/truecaller/dialer/views.py changed, reloading.
Watching for file changes with StatReloader
Info log in views.py
"GET /file-list/ HTTP/1.1" 200 3398
dialer started with pid 7492
"POST /file-process/ HTTP/1.1" 200 1258
"GET /file-list/ HTTP/1.1" 200 3398
dialer started with pid 7507
"POST /file-process/ HTTP/1.1" 200 1258
"GET /file-list/ HTTP/1.1" 200 3398
Not Found: /config/getuser
"GET /config/getuser?index=0 HTTP/1.1" 404 2644
Watching for file changes with StatReloader
Info log in views.py
Watching for file changes with StatReloader
Info log in views.py
"GET /truecaller/ HTTP/1.1" 200 3398
dialer started with pid 7704
"POST /file-process/ HTTP/1.1" 200 1258
"GET /file-list/ HTTP/1.1" 200 3398
dialer started with pid 7753
"POST /file-process/ HTTP/1.1" 200 1258
"GET /file-list/ HTTP/1.1" 200 3398
dialer started with pid 7766
"POST /file-process/ HTTP/1.1" 200 1258
"GET /file-list/ HTTP/1.1" 200 3398
"GET /file-list/ HTTP/1.1" 200 3398
dialer started with pid 7803
"POST /file-process/ HTTP/1.1" 200 1258
Invalid HTTP_HOST header: 'google.com:443'. You may need to add 'google.com' to ALLOWED_HOSTS.
Traceback (most recent call last):
  File "/usr/local/lib/python3.9/site-packages/django/core/handlers/exception.py", line 55, in inner
    response = get_response(request)
  File "/usr/local/lib/python3.9/site-packages/django/utils/deprecation.py", line 135, in __call__
    response = self.process_request(request)
  File "/usr/local/lib/python3.9/site-packages/django/middleware/common.py", line 48, in process_request
    host = request.get_host()
  File "/usr/local/lib/python3.9/site-packages/django/http/request.py", line 148, in get_host
    raise DisallowedHost(msg)
django.core.exceptions.DisallowedHost: Invalid HTTP_HOST header: 'google.com:443'. You may need to add 'google.com' to ALLOWED_HOSTS.
Bad Request: /google.com:443
"CONNECT google.com:443 HTTP/1.1" 400 62140
"GET / HTTP/1.1" 200 3398
"GET / HTTP/1.1" 200 3398
"GET / HTTP/1.1" 200 3398
Invalid HTTP_HOST header: 'netv-cdr:8080'. You may need to add 'netv-cdr' to ALLOWED_HOSTS.
Traceback (most recent call last):
  File "/usr/local/lib/python3.9/site-packages/django/core/handlers/exception.py", line 55, in inner
    response = get_response(request)
  File "/usr/local/lib/python3.9/site-packages/django/utils/deprecation.py", line 135, in __call__
    response = self.process_request(request)
  File "/usr/local/lib/python3.9/site-packages/django/middleware/common.py", line 48, in process_request
    host = request.get_host()
  File "/usr/local/lib/python3.9/site-packages/django/http/request.py", line 148, in get_host
    raise DisallowedHost(msg)
django.core.exceptions.DisallowedHost: Invalid HTTP_HOST header: 'netv-cdr:8080'. You may need to add 'netv-cdr' to ALLOWED_HOSTS.
Bad Request: /
"GET / HTTP/1.0" 400 62257
Watching for file changes with StatReloader
Info log in views.py
"GET /truecaller/ HTTP/1.1" 200 3398
dialer started with pid 15778
"POST /file-process/ HTTP/1.1" 200 1259
Watching for file changes with StatReloader
Info log in views.py
"GET /truecaller/ HTTP/1.1" 200 3398
dialer started with pid 15286
"POST /file-process/ HTTP/1.1" 200 1259
/web/truecaller/dialer/views.py changed, reloading.
Watching for file changes with StatReloader
Info log in views.py
Watching for file changes with StatReloader
Info log in views.py
"GET /truecaller/ HTTP/1.1" 200 3398
dialer started with pid 15302
"POST /file-process/ HTTP/1.1" 200 1259
/web/truecaller/dialer/views.py changed, reloading.
Watching for file changes with StatReloader
Info log in views.py
Watching for file changes with StatReloader
Info log in views.py
"GET /truecaller/ HTTP/1.1" 200 3398
Internal Server Error: /file-process/
Traceback (most recent call last):
  File "/usr/local/lib/python3.9/site-packages/django/core/handlers/exception.py", line 55, in inner
    response = get_response(request)
  File "/usr/local/lib/python3.9/site-packages/django/core/handlers/base.py", line 197, in _get_response
    response = wrapped_callback(request, *callback_args, **callback_kwargs)
  File "/web/truecaller/dialer/views.py", line 65, in file_process
    process = subprocess.Popen([script_path, file_name, text_input, "10"])
  File "/usr/local/lib/python3.9/subprocess.py", line 951, in __init__
    self._execute_child(args, executable, preexec_fn, close_fds,
  File "/usr/local/lib/python3.9/subprocess.py", line 1821, in _execute_child
    raise child_exception_type(errno_num, err_msg, err_filename)
PermissionError: [Errno 13] Permission denied: '/web/truecaller/dialer/scripts/test.py'
"POST /file-process/ HTTP/1.1" 500 83195
Watching for file changes with StatReloader
Info log in views.py
dialer started with pid 15331
"POST /file-process/ HTTP/1.1" 200 1259
"GET /truecaller/ HTTP/1.1" 200 3398
Watching for file changes with StatReloader
Info log in views.py
dialer started with pid 15344
"POST /file-process/ HTTP/1.1" 200 1259
Watching for file changes with StatReloader
Info log in views.py
"GET /file-list/ HTTP/1.1" 200 3398
dialer started with pid 16069
"POST /file-process/ HTTP/1.1" 200 1259
"GET /truecaller/ HTTP/1.1" 200 3398
dialer started with pid 16081
"POST /file-process/ HTTP/1.1" 200 1259
Watching for file changes with StatReloader
Info log in views.py
"GET /truecaller/ HTTP/1.1" 200 3398
dialer started with pid 16105
"POST /file-process/ HTTP/1.1" 200 1259
Watching for file changes with StatReloader
Info log in views.py
"GET /truecaller/ HTTP/1.1" 200 3398
dialer started with pid 16147
"POST /file-process/ HTTP/1.1" 200 1259
Not Found: /config/getuser
"GET /config/getuser?index=0 HTTP/1.1" 404 2644
Watching for file changes with StatReloader
Info log in views.py
"GET /truecaller/ HTTP/1.1" 200 3398
dialer started with pid 16159
"POST /file-process/ HTTP/1.1" 200 1259
Watching for file changes with StatReloader
Info log in views.py
"GET /truecaller/ HTTP/1.1" 200 3398
dialer started with pid 16169
"POST /file-process/ HTTP/1.1" 200 1259
Watching for file changes with StatReloader
Info log in views.py
"GET /truecaller/ HTTP/1.1" 200 3398
dialer started with pid 16183
"POST /file-process/ HTTP/1.1" 200 1259
Watching for file changes with StatReloader
Info log in views.py
"GET /truecaller/ HTTP/1.1" 200 3398
dialer started with pid 16206
"POST /file-process/ HTTP/1.1" 200 1259
Watching for file changes with StatReloader
Info log in views.py
"GET /truecaller/ HTTP/1.1" 200 3398
dialer started with pid 16278
"POST /file-process/ HTTP/1.1" 200 1259
Watching for file changes with StatReloader
Info log in views.py
"GET /truecaller/ HTTP/1.1" 200 3398
dialer started with pid 16304
"POST /file-process/ HTTP/1.1" 200 1259
Watching for file changes with StatReloader
Info log in views.py
"GET /truecaller/ HTTP/1.1" 200 3398
dialer started with pid 16333
"POST /file-process/ HTTP/1.1" 200 1259
Watching for file changes with StatReloader
Info log in views.py
"GET /truecaller/ HTTP/1.1" 200 3398
dialer started with pid 16348
"POST /file-process/ HTTP/1.1" 200 1259
Watching for file changes with StatReloader
Info log in views.py
"GET /truecaller/ HTTP/1.1" 200 3398
dialer started with pid 16371
"POST /file-process/ HTTP/1.1" 200 1259
Watching for file changes with StatReloader
Info log in views.py
"GET /truecaller/ HTTP/1.1" 200 3398
dialer started with pid 16388
"POST /file-process/ HTTP/1.1" 200 1259
Watching for file changes with StatReloader
Info log in views.py
"GET /truecaller/ HTTP/1.1" 200 3398
dialer started with pid 16412
"POST /file-process/ HTTP/1.1" 200 1259
Watching for file changes with StatReloader
Info log in views.py
"GET /truecaller/ HTTP/1.1" 200 3398
dialer started with pid 16428
"POST /file-process/ HTTP/1.1" 200 1259
Watching for file changes with StatReloader
Info log in views.py
"GET /truecaller/ HTTP/1.1" 200 3398
dialer started with pid 16460
"POST /file-process/ HTTP/1.1" 200 1259
/web/truecaller/dialer/views.py changed, reloading.
Watching for file changes with StatReloader
Info log in views.py
Watching for file changes with StatReloader
Info log in views.py
"GET /truecaller/ HTTP/1.1" 200 3398
dialer started with pid 16611
"POST /file-process/ HTTP/1.1" 200 1259
"GET / HTTP/1.1" 200 3398
"GET / HTTP/1.1" 200 3398
"GET / HTTP/1.1" 200 3398
code 400, message Bad request version ('\x13')
You're accessing the development server over HTTPS, but it only supports HTTP.
code 400, message Bad request syntax ('\x16\x03\x01\x00\x01\x00\x00\x03\x03cr\x98\x0f\x0e')
You're accessing the development server over HTTPS, but it only supports HTTP.
Not Found: /99vt
Not Found: /aaaaaaaaaaaaaaaaaaaaaaaaaqr
"GET /99vt HTTP/1.1" 404 2606
"GET /aaaaaaaaaaaaaaaaaaaaaaaaaqr HTTP/1.1" 404 2675
Not Found: /99vu
"GET /99vu HTTP/1.1" 404 2606
Not Found: /config/getuser
"GET /config/getuser?index=0 HTTP/1.1" 404 2644
Invalid HTTP_HOST header: 'google.com:443'. You may need to add 'google.com' to ALLOWED_HOSTS.
Traceback (most recent call last):
  File "/usr/local/lib/python3.9/site-packages/django/core/handlers/exception.py", line 55, in inner
    response = get_response(request)
  File "/usr/local/lib/python3.9/site-packages/django/utils/deprecation.py", line 135, in __call__
    response = self.process_request(request)
  File "/usr/local/lib/python3.9/site-packages/django/middleware/common.py", line 48, in process_request
    host = request.get_host()
  File "/usr/local/lib/python3.9/site-packages/django/http/request.py", line 148, in get_host
    raise DisallowedHost(msg)
django.core.exceptions.DisallowedHost: Invalid HTTP_HOST header: 'google.com:443'. You may need to add 'google.com' to ALLOWED_HOSTS.
Bad Request: /google.com:443
"CONNECT google.com:443 HTTP/1.1" 400 67592
Invalid HTTP_HOST header: 'netv-cdr:8080'. You may need to add 'netv-cdr' to ALLOWED_HOSTS.
Traceback (most recent call last):
  File "/usr/local/lib/python3.9/site-packages/django/core/handlers/exception.py", line 55, in inner
    response = get_response(request)
  File "/usr/local/lib/python3.9/site-packages/django/utils/deprecation.py", line 135, in __call__
    response = self.process_request(request)
  File "/usr/local/lib/python3.9/site-packages/django/middleware/common.py", line 48, in process_request
    host = request.get_host()
  File "/usr/local/lib/python3.9/site-packages/django/http/request.py", line 148, in get_host
    raise DisallowedHost(msg)
django.core.exceptions.DisallowedHost: Invalid HTTP_HOST header: 'netv-cdr:8080'. You may need to add 'netv-cdr' to ALLOWED_HOSTS.
Bad Request: /
"GET / HTTP/1.0" 400 67593
"GET / HTTP/1.1" 200 3551
code 400, message Bad request version ('\x14')
You're accessing the development server over HTTPS, but it only supports HTTP.
"GET / HTTP/1.1" 200 3551
Invalid HTTP_HOST header: 'api.ipify.org'. You may need to add 'api.ipify.org' to ALLOWED_HOSTS.
Traceback (most recent call last):
  File "/usr/local/lib/python3.9/site-packages/django/core/handlers/exception.py", line 55, in inner
    response = get_response(request)
  File "/usr/local/lib/python3.9/site-packages/django/utils/deprecation.py", line 135, in __call__
    response = self.process_request(request)
  File "/usr/local/lib/python3.9/site-packages/django/middleware/common.py", line 48, in process_request
    host = request.get_host()
  File "/usr/local/lib/python3.9/site-packages/django/http/request.py", line 148, in get_host
    raise DisallowedHost(msg)
django.core.exceptions.DisallowedHost: Invalid HTTP_HOST header: 'api.ipify.org'. You may need to add 'api.ipify.org' to ALLOWED_HOSTS.
Bad Request: /http:/api.ipify.org/
"GET http://api.ipify.org/?format=json HTTP/1.1" 400 68113
Invalid HTTP_HOST header: 'www.shadowserver.org'. You may need to add 'www.shadowserver.org' to ALLOWED_HOSTS.
Traceback (most recent call last):
  File "/usr/local/lib/python3.9/site-packages/django/core/handlers/exception.py", line 55, in inner
    response = get_response(request)
  File "/usr/local/lib/python3.9/site-packages/django/utils/deprecation.py", line 135, in __call__
    response = self.process_request(request)
  File "/usr/local/lib/python3.9/site-packages/django/middleware/common.py", line 48, in process_request
    host = request.get_host()
  File "/usr/local/lib/python3.9/site-packages/django/http/request.py", line 148, in get_host
    raise DisallowedHost(msg)
django.core.exceptions.DisallowedHost: Invalid HTTP_HOST header: 'www.shadowserver.org'. You may need to add 'www.shadowserver.org' to ALLOWED_HOSTS.
Bad Request: /www.shadowserver.org:443
"CONNECT www.shadowserver.org:443 HTTP/1.1" 400 68316
Invalid HTTP_HOST header: 'netv-cdr:8080'. You may need to add 'netv-cdr' to ALLOWED_HOSTS.
Traceback (most recent call last):
  File "/usr/local/lib/python3.9/site-packages/django/core/handlers/exception.py", line 55, in inner
    response = get_response(request)
  File "/usr/local/lib/python3.9/site-packages/django/utils/deprecation.py", line 135, in __call__
    response = self.process_request(request)
  File "/usr/local/lib/python3.9/site-packages/django/middleware/common.py", line 48, in process_request
    host = request.get_host()
  File "/usr/local/lib/python3.9/site-packages/django/http/request.py", line 148, in get_host
    raise DisallowedHost(msg)
django.core.exceptions.DisallowedHost: Invalid HTTP_HOST header: 'netv-cdr:8080'. You may need to add 'netv-cdr' to ALLOWED_HOSTS.
Bad Request: /boaform/admin/formLogin
"GET /boaform/admin/formLogin?username=ec8&psd=ec8 HTTP/1.0" 400 67938
Not Found: /robots.txt
"GET /robots.txt HTTP/1.1" 404 2619
Not Found: /contact/
"GET /contact/ HTTP/1.1" 404 2613
"GET /truecaller/ HTTP/1.1" 200 3551
dialer started with pid 24293
"POST /file-process/ HTTP/1.1" 200 1259
"GET /file-list/ HTTP/1.1" 200 3551
dialer started with pid 24320
"POST /file-process/ HTTP/1.1" 200 1259
"GET / HTTP/1.1" 200 3551
Not Found: /config/getuser
"GET /config/getuser?index=0 HTTP/1.1" 404 2644
"GET / HTTP/1.1" 200 3551
"GET / HTTP/1.1" 200 3551
